<?xml version="1.0" encoding="UTF-8"?>
<!-- Generated by org.testng.reporters.JUnitReportReporter -->
<testsuite hostname="Lenovo" failures="0" tests="1" name="com.Annotation.Paramaterized" time="4.008" errors="0" timestamp="2024-08-31T09:24:52 IST" skipped="0">
  <testcase classname="com.Annotation.Paramaterized" name="loginnn" time="4.008"/>
</testsuite> <!-- com.Annotation.Paramaterized -->
