<?xml version="1.0" encoding="UTF-8"?>
<!-- Generated by org.testng.reporters.JUnitReportReporter -->
<testsuite hostname="Lenovo" failures="0" tests="4" name="com.Annotation.Priority" time="0.010" errors="0" timestamp="2024-08-30T08:59:32 IST" skipped="0">
  <testcase classname="com.Annotation.Priority" name="urllaunch" time="0.007"/>
  <testcase classname="com.Annotation.Priority" name="loginn" time="0.002"/>
  <testcase classname="com.Annotation.Priority" name="searchforproduct" time="0.000"/>
  <testcase classname="com.Annotation.Priority" name="Selecttheproduct" time="0.001"/>
</testsuite> <!-- com.Annotation.Priority -->
