<?xml version="1.0" encoding="UTF-8"?>
<!-- Generated by org.testng.reporters.JUnitReportReporter -->
<testsuite hostname="Lenovo" failures="0" tests="2" name="com.Annotation.ParallelTest" time="5.611" errors="0" timestamp="2024-08-31T09:25:10 IST" skipped="0">
  <testcase classname="com.Annotation.ParallelTest" name="brwoserlaunch2" time="2.556"/>
  <testcase classname="com.Annotation.ParallelTest" name="browserlaunch1" time="3.055"/>
</testsuite> <!-- com.Annotation.ParallelTest -->
