<?xml version="1.0" encoding="UTF-8"?>
<!-- Generated by org.testng.reporters.JUnitReportReporter -->
<testsuite hostname="Lenovo" failures="0" tests="5" name="com.Annotation.InvocationCount" time="0.016" errors="0" timestamp="2024-08-31T08:51:19 IST" skipped="0">
  <testcase classname="com.Annotation.InvocationCount" name="loginnn" time="0.013"/>
  <testcase classname="com.Annotation.InvocationCount" name="loginnn" time="0.001"/>
  <testcase classname="com.Annotation.InvocationCount" name="passwordd" time="0.000"/>
  <testcase classname="com.Annotation.InvocationCount" name="loginnn" time="0.001"/>
  <testcase classname="com.Annotation.InvocationCount" name="usernamee" time="0.001"/>
</testsuite> <!-- com.Annotation.InvocationCount -->
