<?xml version="1.0" encoding="UTF-8"?>
<!-- Generated by org.testng.reporters.JUnitReportReporter -->
<testsuite hostname="Lenovo" failures="0" tests="2" name="com.Annotation.Groupmethods" time="0.019" errors="0" timestamp="2024-08-30T09:23:44 IST" skipped="0">
  <testcase classname="com.Annotation.Groupmethods" name="loginpa" time="0.017"/>
  <testcase classname="com.Annotation.Groupmethods" name="searchproduct" time="0.002"/>
</testsuite> <!-- com.Annotation.Groupmethods -->
