<?xml version="1.0" encoding="UTF-8"?>
<!-- Generated by org.testng.reporters.JUnitReportReporter -->
<testsuite hostname="Lenovo" failures="0" tests="3" name="com.Annotation.Dataproviederr" time="10.683" errors="0" timestamp="2024-09-02T08:47:19 IST" skipped="0">
  <testcase classname="com.Annotation.Dataproviederr" name="logiin" time="3.782"/>
  <testcase classname="com.Annotation.Dataproviederr" name="logiin" time="3.425"/>
  <testcase classname="com.Annotation.Dataproviederr" name="logiin" time="3.476"/>
</testsuite> <!-- com.Annotation.Dataproviederr -->
