<?xml version="1.0" encoding="UTF-8"?>
<!-- Generated by org.testng.reporters.JUnitReportReporter -->
<testsuite hostname="Lenovo" failures="0" tests="3" name="com.Annotation.Ignoress" time="0.009" errors="0" timestamp="2024-08-30T08:46:11 IST" skipped="2">
  <testcase classname="com.Annotation.Ignoress" name="loginn" time="0.009"/>
  <testcase classname="com.Annotation.Ignoress" name="popad">
    <skipped/>
  </testcase> <!-- popad -->
  <testcase classname="com.Annotation.Ignoress" name="browserpage">
    <skipped/>
  </testcase> <!-- browserpage -->
</testsuite> <!-- com.Annotation.Ignoress -->
