<?xml version="1.0" encoding="UTF-8"?>
<!-- Generated by org.testng.reporters.JUnitReportReporter -->
<testsuite hostname="Lenovo" failures="0" tests="6" name="com.Annotation.Groupingss" time="0.014" errors="0" timestamp="2024-08-30T09:20:53 IST" skipped="0">
  <testcase classname="com.Annotation.Groupingss" name="lenovo" time="0.000"/>
  <testcase classname="com.Annotation.Groupingss" name="hppavilion" time="0.001"/>
  <testcase classname="com.Annotation.Groupingss" name="asus" time="0.002"/>
  <testcase classname="com.Annotation.Groupingss" name="nokia" time="0.001"/>
  <testcase classname="com.Annotation.Groupingss" name="iphone" time="0.009"/>
  <testcase classname="com.Annotation.Groupingss" name="samsung" time="0.001"/>
</testsuite> <!-- com.Annotation.Groupingss -->
