<?xml version="1.0" encoding="UTF-8"?>
<!-- Generated by org.testng.reporters.JUnitReportReporter -->
<testsuite hostname="Lenovo" failures="0" tests="1" name="com.Annotation.Timeoutss" time="2.031" errors="0" timestamp="2024-08-31T09:04:37 IST" skipped="0">
  <testcase classname="com.Annotation.Timeoutss" name="loginn" time="2.031"/>
</testsuite> <!-- com.Annotation.Timeoutss -->
