<?xml version="1.0" encoding="UTF-8"?>
<!-- Generated by org.testng.reporters.JUnitReportReporter -->
<testsuite hostname="Lenovo" failures="0" tests="1" name="com.Annotation.STCM" time="0.012" errors="0" timestamp="2024-08-29T09:17:27 IST" skipped="0">
  <testcase classname="com.Annotation.STCM" name="selecttheproduct" time="0.012"/>
</testsuite> <!-- com.Annotation.STCM -->
